SF:lib/core/data/services/storage/shared_preferences_service.dart
DA:6,4
DA:9,2
DA:11,4
DA:14,1
DA:16,2
DA:19,2
DA:21,4
DA:24,2
DA:26,4
DA:29,1
DA:31,2
DA:34,1
DA:36,2
DA:39,1
DA:41,2
DA:44,1
DA:46,2
DA:49,2
DA:51,4
DA:54,1
DA:56,2
DA:59,1
DA:61,2
DA:64,1
DA:66,2
DA:69,1
DA:71,2
DA:74,1
DA:76,2
LF:29
LH:29
end_of_record
SF:lib/core/data/services/http/dio_http_client.dart
DA:10,2
DA:13,4
DA:14,2
DA:19,2
DA:25,0
DA:31,0
DA:35,0
DA:36,0
DA:37,0
DA:38,0
DA:40,0
DA:52,0
DA:59,0
DA:64,0
DA:65,0
DA:66,0
DA:67,0
DA:69,0
DA:81,0
DA:88,0
DA:93,0
DA:94,0
DA:95,0
DA:96,0
DA:98,0
DA:110,0
DA:116,0
DA:120,0
DA:121,0
DA:122,0
DA:123,0
DA:125,0
DA:137,0
DA:139,0
DA:142,0
DA:144,0
DA:148,0
DA:149,0
DA:150,0
DA:151,0
DA:152,0
DA:161,0
DA:162,0
DA:163,0
DA:166,0
DA:168,0
DA:169,0
DA:173,0
DA:174,0
DA:176,0
DA:185,0
DA:187,0
DA:196,0
DA:205,0
DA:214,0
DA:226,0
DA:228,0
DA:236,0
DA:244,0
DA:252,0
DA:260,0
DA:269,0
LF:62
LH:4
end_of_record
SF:lib/core/domain/models/api_error.dart
DA:17,4
DA:26,0
DA:27,0
DA:28,0
DA:29,0
DA:30,0
DA:31,0
DA:32,0
DA:53,0
DA:56,0
DA:59,0
DA:60,0
DA:61,0
DA:62,0
DA:63,0
DA:64,0
DA:65,0
DA:69,0
DA:70,0
DA:72,0
DA:73,0
LF:21
LH:1
end_of_record
SF:lib/core/domain/models/api_response.dart
DA:7,1
DA:10,1
DA:11,1
DA:15,0
DA:16,0
DA:24,2
DA:27,1
DA:28,2
DA:29,1
DA:31,0
DA:34,0
DA:35,0
LF:12
LH:7
end_of_record
SF:lib/core/utils/env.dart
DA:11,0
LF:1
LH:0
end_of_record
SF:lib/core/utils/app_router.dart
DA:40,2
DA:41,2
DA:43,2
DA:45,2
DA:48,2
DA:50,2
DA:53,2
DA:54,8
DA:61,2
DA:64,0
DA:66,0
DA:69,0
DA:70,0
DA:77,2
DA:80,1
DA:84,2
DA:87,0
DA:90,3
DA:98,2
DA:99,4
DA:100,4
DA:101,4
DA:102,4
DA:103,4
DA:112,1
DA:115,1
DA:117,1
DA:118,1
DA:119,3
DA:123,1
DA:124,1
DA:126,1
DA:128,1
DA:131,1
DA:132,2
DA:140,1
DA:141,1
DA:142,2
DA:146,1
DA:147,1
DA:148,2
DA:149,3
LF:42
LH:37
end_of_record
SF:lib/core/utils/l10n_extensions.dart
DA:5,4
LF:1
LH:1
end_of_record
SF:lib/core/utils/service_locator.dart
DA:12,9
DA:18,3
DA:20,3
DA:23,3
DA:28,3
DA:30,3
DA:31,6
DA:34,6
DA:35,3
DA:39,10
DA:44,3
DA:46,18
DA:49,6
DA:50,8
DA:54,14
DA:58,1
DA:59,2
DA:63,1
DA:64,2
LF:19
LH:19
end_of_record
SF:lib/features/auth/auth_repository.dart
DA:10,3
DA:20,1
DA:21,2
DA:23,1
DA:26,1
DA:27,0
DA:30,2
DA:33,2
DA:36,3
DA:41,1
DA:42,2
DA:44,1
DA:47,1
DA:48,0
DA:51,2
DA:54,2
DA:57,3
DA:62,1
DA:63,2
DA:66,1
DA:67,2
DA:70,1
DA:71,2
DA:72,2
LF:24
LH:22
end_of_record
SF:lib/features/auth/sign_in/bloc/sign_in_bloc.dart
DA:9,6
DA:10,6
DA:14,1
DA:18,1
DA:21,1
DA:22,1
DA:23,1
DA:26,2
DA:28,2
DA:30,4
LF:10
LH:10
end_of_record
SF:lib/features/auth/sign_in/sign_in_screen.dart
DA:14,4
DA:16,2
DA:17,2
DA:26,2
DA:28,4
DA:29,4
DA:30,2
DA:33,0
DA:34,0
DA:35,0
DA:36,0
DA:37,0
DA:38,0
DA:44,2
DA:46,2
DA:47,0
DA:48,0
DA:50,0
DA:52,0
DA:53,0
DA:55,0
DA:56,0
DA:57,0
DA:64,2
DA:65,2
DA:66,6
DA:69,2
DA:70,2
DA:71,2
DA:73,2
DA:74,2
DA:75,2
DA:78,2
DA:82,2
DA:83,4
DA:91,2
DA:92,4
DA:93,4
DA:99,2
DA:100,2
DA:103,2
DA:104,4
DA:105,4
DA:109,4
DA:110,6
DA:111,6
DA:117,2
DA:118,2
DA:119,2
DA:121,0
DA:122,2
DA:123,4
DA:124,4
DA:126,2
DA:127,2
DA:128,2
DA:132,0
DA:133,0
DA:134,0
DA:140,4
DA:141,6
DA:142,6
DA:148,2
DA:149,2
DA:150,2
DA:152,2
DA:153,2
DA:154,2
DA:156,2
DA:157,2
DA:168,2
DA:169,4
DA:181,2
DA:183,2
DA:184,6
DA:185,2
DA:186,0
DA:187,2
DA:188,4
LF:79
LH:60
end_of_record
SF:lib/features/auth/sign_up/bloc/sign_up_bloc.dart
DA:9,2
DA:10,2
DA:14,1
DA:18,1
DA:21,1
DA:22,1
DA:23,1
DA:24,1
DA:27,2
DA:29,2
DA:31,4
LF:11
LH:11
end_of_record
SF:lib/features/auth/sign_up/sign_up_screen.dart
DA:14,4
DA:16,0
DA:17,0
DA:29,0
DA:31,0
DA:32,0
DA:33,0
DA:34,0
DA:35,0
DA:38,0
DA:39,0
DA:41,0
DA:42,0
DA:43,0
DA:44,0
DA:45,0
DA:51,0
DA:53,0
DA:54,0
DA:55,0
DA:57,0
DA:59,0
DA:60,0
DA:62,0
DA:63,0
DA:64,0
DA:71,0
DA:72,0
DA:73,0
DA:76,0
DA:77,0
DA:78,0
DA:80,0
DA:81,0
DA:82,0
DA:85,0
DA:89,0
DA:90,0
DA:98,0
DA:99,0
DA:100,0
DA:106,0
DA:107,0
DA:109,0
DA:110,0
DA:111,0
DA:115,0
DA:116,0
DA:117,0
DA:118,0
DA:124,0
DA:125,0
DA:128,0
DA:129,0
DA:130,0
DA:134,0
DA:135,0
DA:136,0
DA:142,0
DA:143,0
DA:144,0
DA:146,0
DA:147,0
DA:148,0
DA:150,0
DA:151,0
DA:152,0
DA:156,0
DA:157,0
DA:158,0
DA:164,0
DA:165,0
DA:166,0
DA:172,0
DA:173,0
DA:174,0
DA:176,0
DA:177,0
DA:178,0
DA:179,0
DA:181,0
DA:182,0
DA:183,0
DA:187,0
DA:188,0
DA:189,0
DA:190,0
DA:196,0
DA:197,0
DA:198,0
DA:200,0
DA:201,0
DA:202,0
DA:209,0
DA:210,0
DA:211,0
DA:213,0
DA:214,0
DA:215,0
DA:217,0
DA:218,0
DA:229,0
DA:230,0
DA:242,0
DA:244,0
DA:245,0
DA:246,0
DA:247,0
DA:248,0
DA:249,0
LF:110
LH:1
end_of_record
SF:lib/features/home/home_screen.dart
DA:12,4
DA:14,1
DA:16,1
DA:17,4
DA:18,1
DA:19,1
DA:20,3
DA:21,1
DA:22,1
DA:24,0
DA:28,1
DA:29,1
DA:30,1
DA:32,2
DA:33,1
DA:34,2
DA:35,2
DA:37,1
DA:39,1
DA:40,2
DA:41,2
DA:42,1
DA:43,1
DA:47,0
DA:48,0
LF:25
LH:22
end_of_record
SF:lib/features/settings/settings_screen.dart
DA:14,4
DA:16,0
DA:19,0
DA:20,0
DA:21,0
DA:22,0
DA:24,0
DA:27,0
DA:29,0
DA:31,0
DA:33,0
DA:34,0
DA:38,0
DA:39,0
DA:40,0
DA:41,0
DA:42,0
DA:44,0
DA:46,0
DA:47,0
DA:48,0
DA:49,0
DA:53,0
DA:54,0
DA:55,0
DA:67,0
DA:68,0
DA:72,0
DA:73,0
DA:74,0
DA:75,0
DA:76,0
DA:77,0
DA:78,0
DA:79,0
DA:87,0
DA:89,0
DA:90,0
DA:91,0
DA:92,0
DA:94,0
DA:98,0
LF:42
LH:1
end_of_record
SF:lib/l10n/app_localizations.dart
DA:65,2
DA:66,4
DA:70,2
DA:71,2
DA:356,4
DA:358,2
DA:360,4
DA:363,2
DA:365,6
DA:367,1
DA:371,2
DA:373,2
DA:374,2
DA:375,2
DA:376,0
DA:377,0
DA:380,0
LF:17
LH:14
end_of_record
SF:lib/features/auth/bloc/auth_bloc.dart
DA:10,8
DA:11,8
DA:12,8
DA:13,8
DA:14,8
DA:20,2
DA:25,4
DA:26,4
DA:29,1
DA:30,1
DA:31,2
DA:33,2
DA:36,1
DA:37,1
DA:41,1
DA:45,1
DA:49,4
DA:50,1
DA:51,3
DA:52,1
DA:53,3
DA:56,1
DA:57,2
DA:59,1
DA:62,0
DA:66,1
DA:70,2
DA:71,3
DA:74,1
DA:78,1
DA:79,1
DA:82,1
DA:83,2
DA:84,2
DA:85,2
DA:88,1
DA:89,2
DA:90,2
LF:38
LH:37
end_of_record
SF:lib/features/home/bloc/home_bloc.dart
DA:8,8
DA:9,8
DA:10,8
DA:15,3
DA:20,3
DA:55,6
DA:56,3
DA:58,9
DA:60,0
DA:64,2
DA:68,6
DA:70,4
DA:71,4
DA:73,4
DA:76,2
DA:77,6
DA:80,2
DA:81,4
LF:18
LH:17
end_of_record
SF:lib/features/settings/bloc/settings_bloc.dart
DA:7,6
DA:8,6
DA:9,6
DA:10,6
DA:15,2
DA:20,4
DA:21,6
DA:23,0
DA:27,1
DA:31,2
DA:32,1
DA:33,3
DA:36,2
DA:40,4
DA:41,8
DA:44,2
DA:45,4
LF:17
LH:16
end_of_record
SF:lib/features/auth/auth_response.dart
DA:6,1
DA:8,1
DA:9,1
DA:10,1
DA:11,1
DA:12,1
DA:18,0
DA:19,0
DA:20,0
DA:21,0
DA:25,2
DA:26,6
LF:12
LH:8
end_of_record
SF:lib/features/auth/sign_in/sign_in_request.dart
DA:5,1
DA:9,1
DA:10,3
DA:13,0
DA:14,0
LF:5
LH:3
end_of_record
SF:lib/features/auth/sign_up/sign_up_request.dart
DA:5,1
DA:14,1
DA:15,4
DA:18,0
DA:19,0
LF:5
LH:3
end_of_record
SF:lib/features/auth/user_model.dart
DA:5,3
DA:13,3
DA:14,3
DA:15,3
DA:16,3
DA:18,4
DA:19,3
DA:29,2
DA:30,2
DA:31,4
DA:32,4
DA:33,4
DA:34,4
DA:39,1
DA:40,1
DA:41,1
DA:42,0
DA:43,0
DA:44,1
DA:48,1
DA:49,5
DA:51,3
DA:53,15
LF:23
LH:21
end_of_record
SF:lib/features/auth/bloc/auth_event.dart
DA:5,4
DA:7,0
DA:8,0
DA:12,0
DA:17,0
DA:18,0
DA:23,0
DA:27,0
DA:28,0
DA:32,4
DA:36,0
LF:11
LH:2
end_of_record
SF:lib/features/auth/bloc/auth_state.dart
DA:4,5
DA:8,4
DA:12,4
DA:16,1
DA:21,4
DA:25,4
LF:6
LH:6
end_of_record
SF:lib/features/auth/sign_in/bloc/sign_in_event.dart
DA:5,0
DA:7,0
DA:8,0
DA:13,0
DA:17,0
DA:18,0
LF:6
LH:0
end_of_record
SF:lib/features/auth/sign_in/bloc/sign_in_state.dart
DA:6,5
DA:8,1
DA:9,1
DA:14,4
DA:19,4
DA:24,1
DA:27,1
DA:28,2
DA:33,1
DA:36,1
DA:37,2
LF:11
LH:11
end_of_record
SF:lib/features/auth/sign_up/bloc/sign_up_event.dart
DA:5,0
DA:7,0
DA:8,0
DA:13,0
DA:22,0
DA:23,0
LF:6
LH:0
end_of_record
SF:lib/features/auth/sign_up/bloc/sign_up_state.dart
DA:6,5
DA:8,1
DA:9,1
DA:14,4
DA:19,4
DA:24,1
DA:27,1
DA:28,2
DA:33,1
DA:36,1
DA:37,2
LF:11
LH:11
end_of_record
SF:lib/features/home/bloc/home_event.dart
DA:4,4
DA:6,0
DA:7,0
DA:11,4
DA:15,0
DA:18,0
DA:19,0
LF:7
LH:2
end_of_record
SF:lib/features/home/bloc/home_state.dart
DA:5,7
DA:9,2
DA:10,14
DA:12,3
DA:13,6
DA:16,3
DA:17,3
DA:18,2
DA:19,0
DA:23,3
DA:24,9
LF:11
LH:10
end_of_record
SF:lib/features/home/item_model.dart
DA:3,4
DA:11,1
DA:12,1
DA:13,1
DA:14,1
DA:15,1
DA:16,1
DA:25,1
DA:26,1
DA:27,1
DA:28,1
DA:29,1
DA:30,1
DA:35,1
DA:41,1
DA:42,1
DA:43,0
DA:44,0
DA:45,1
DA:49,1
DA:52,1
DA:53,3
DA:54,0
DA:55,0
DA:56,0
DA:59,1
DA:61,11
DA:63,3
DA:65,15
LF:29
LH:24
end_of_record
SF:lib/features/settings/bloc/settings_event.dart
DA:4,1
DA:6,0
DA:7,0
DA:11,1
DA:15,1
DA:19,1
DA:22,0
DA:23,0
LF:8
LH:4
end_of_record
SF:lib/features/settings/bloc/settings_state.dart
DA:4,5
DA:7,2
DA:8,2
DA:11,2
DA:12,4
LF:5
LH:5
end_of_record
SF:lib/l10n/app_localizations_en.dart
DA:9,4
DA:11,2
DA:14,1
DA:17,1
DA:20,1
DA:23,2
DA:26,2
DA:29,2
DA:32,2
DA:35,2
DA:38,2
DA:41,2
DA:44,2
DA:47,2
DA:50,2
DA:53,2
DA:56,2
DA:59,2
DA:62,0
DA:65,0
DA:68,0
DA:71,0
DA:74,0
DA:77,0
DA:80,0
DA:83,0
DA:86,0
DA:89,0
DA:92,0
DA:95,0
DA:98,0
DA:101,0
DA:104,0
DA:107,0
DA:110,0
DA:113,0
DA:116,0
DA:118,0
DA:121,0
DA:123,0
DA:126,0
DA:129,0
DA:132,0
DA:135,0
DA:138,0
LF:45
LH:18
end_of_record
SF:lib/l10n/app_localizations_pt.dart
DA:9,0
DA:11,0
DA:14,0
DA:17,0
DA:20,0
DA:23,0
DA:26,0
DA:29,0
DA:32,0
DA:35,0
DA:38,0
DA:41,0
DA:44,0
DA:47,0
DA:50,0
DA:53,0
DA:56,0
DA:59,0
DA:62,0
DA:65,0
DA:68,0
DA:71,0
DA:74,0
DA:77,0
DA:80,0
DA:84,0
DA:88,0
DA:91,0
DA:94,0
DA:97,0
DA:100,0
DA:103,0
DA:106,0
DA:109,0
DA:112,0
DA:115,0
DA:118,0
DA:120,0
DA:123,0
DA:125,0
DA:128,0
DA:131,0
DA:134,0
DA:137,0
DA:140,0
LF:45
LH:0
end_of_record
SF:lib/main.dart
DA:15,0
DA:17,0
DA:20,0
DA:23,0
DA:27,1
DA:29,1
DA:30,1
DA:38,1
DA:40,1
DA:42,4
DA:43,4
DA:45,2
DA:48,1
DA:51,2
DA:52,2
DA:53,1
DA:56,1
DA:58,1
DA:59,1
DA:60,2
DA:61,2
DA:63,1
DA:64,1
DA:65,1
DA:66,3
DA:74,1
DA:75,1
DA:77,1
DA:79,1
LF:29
LH:25
end_of_record
